янв. 24, 2023 10:03:49 PM Main ex4
INFO: Входной массив:[9, 1, 0, 4, 6, 7, 4, 9, 6, 0]
янв. 24, 2023 10:03:49 PM Main ex4
INFO: Итерация-1:[0, 1, 0, 4, 6, 7, 4, 9, 6, 9]
янв. 24, 2023 10:03:49 PM Main ex4
INFO: Итерация-2:[0, 1, 0, 4, 6, 6, 4, 7, 9, 9]
янв. 24, 2023 10:03:49 PM Main ex4
INFO: Итерация-3:[0, 1, 0, 4, 6, 6, 4, 7, 9, 9]
янв. 24, 2023 10:03:49 PM Main ex4
INFO: Итерация-4:[0, 1, 0, 4, 4, 6, 6, 7, 9, 9]
янв. 24, 2023 10:03:49 PM Main ex4
INFO: Итерация-5:[0, 1, 0, 4, 4, 6, 6, 7, 9, 9]
янв. 24, 2023 10:03:49 PM Main ex4
INFO: Итерация-6:[0, 1, 0, 4, 4, 6, 6, 7, 9, 9]
янв. 24, 2023 10:03:49 PM Main ex4
INFO: Итерация-7:[0, 1, 0, 4, 4, 6, 6, 7, 9, 9]
янв. 24, 2023 10:03:49 PM Main ex4
INFO: Итерация-8:[0, 0, 1, 4, 4, 6, 6, 7, 9, 9]
янв. 24, 2023 10:03:49 PM Main ex4
INFO: Итерация-9:[0, 0, 1, 4, 4, 6, 6, 7, 9, 9]
янв. 24, 2023 10:03:49 PM Main ex4
INFO: Отсортированный массив:[0, 0, 1, 4, 4, 6, 6, 7, 9, 9]
